 name 5_China.pdf  size 9267  创建时间 2016-12-04  22:42:35  最后修改时间 2016-11-27  20:07:52  最后访问时间 2016-12-04  22:42:35  
 name 5_China.pdf  size 9267  创建时间 2016-12-04  22:42:35  最后修改时间 2016-11-27  20:07:52  最后访问时间 2016-12-04  22:42:35  
name Deutsche_Bank-China-Account-Opening-Process-And-Introduction-August2016.pdf  size 162099  创建时间 2016-12-04  22:42:35  最后修改时间 2016-11-27  19:59:50  最后访问时间 2016-12-04  22:42:35  
 name 5_China.pdf  size 9267  创建时间 2016-12-04  22:42:35  最后修改时间 2016-11-27  20:07:52  最后访问时间 2016-12-04  22:42:35  
name Deutsche_Bank-China-Account-Opening-Process-And-Introduction-August2016.pdf  size 162099  创建时间 2016-12-04  22:42:35  最后修改时间 2016-11-27  19:59:50  最后访问时间 2016-12-04  22:42:35  
name SKMBT_C36016112715570.jpg  size 318181  创建时间 2016-12-04  22:42:35  最后修改时间 2016-11-27  15:58:52  最后访问时间 2016-12-04  22:42:35  
 name 5_China.pdf  size 9267  创建时间 2016-12-04  22:42:35  最后修改时间 2016-11-27  20:07:52  最后访问时间 2016-12-04  22:42:35  
name Deutsche_Bank-China-Account-Opening-Process-And-Introduction-August2016.pdf  size 162099  创建时间 2016-12-04  22:42:35  最后修改时间 2016-11-27  19:59:50  最后访问时间 2016-12-04  22:42:35  
name SKMBT_C36016112715570.jpg  size 318181  创建时间 2016-12-04  22:42:35  最后修改时间 2016-11-27  15:58:52  最后访问时间 2016-12-04  22:42:35  
name Statement_for_Foreign_Account_Tax_Compliance_CRS.pdf  size 314845  创建时间 2016-12-04  22:42:35  最后修改时间 2016-11-27  17:38:34  最后访问时间 2016-12-04  22:42:35  
 name 5_China.pdf  size 9267  创建时间 2016-12-04  22:42:35  最后修改时间 2016-11-27  20:07:52  最后访问时间 2016-12-04  22:42:35  
name Deutsche_Bank-China-Account-Opening-Process-And-Introduction-August2016.pdf  size 162099  创建时间 2016-12-04  22:42:35  最后修改时间 2016-11-27  19:59:50  最后访问时间 2016-12-04  22:42:35  
name SKMBT_C36016112715570.jpg  size 318181  创建时间 2016-12-04  22:42:35  最后修改时间 2016-11-27  15:58:52  最后访问时间 2016-12-04  22:42:35  
name Statement_for_Foreign_Account_Tax_Compliance_CRS.pdf  size 314845  创建时间 2016-12-04  22:42:35  最后修改时间 2016-11-27  17:38:34  最后访问时间 2016-12-04  22:42:35  
name 汇款证明.pdf  size 378967  创建时间 2016-12-04  22:42:35  最后修改时间 2016-11-27  16:16:12  最后访问时间 2016-12-04  22:42:35  
 name 5_China.pdf  size 9267  创建时间 2016-12-04  22:42:35  最后修改时间 2016-11-27  20:07:52  最后访问时间 2016-12-04  22:42:35  
name Deutsche_Bank-China-Account-Opening-Process-And-Introduction-August2016.pdf  size 162099  创建时间 2016-12-04  22:42:35  最后修改时间 2016-11-27  19:59:50  最后访问时间 2016-12-04  22:42:35  
name SKMBT_C36016112715570.jpg  size 318181  创建时间 2016-12-04  22:42:35  最后修改时间 2016-11-27  15:58:52  最后访问时间 2016-12-04  22:42:35  
name Statement_for_Foreign_Account_Tax_Compliance_CRS.pdf  size 314845  创建时间 2016-12-04  22:42:35  最后修改时间 2016-11-27  17:38:34  最后访问时间 2016-12-04  22:42:35  
name 汇款证明.pdf  size 378967  创建时间 2016-12-04  22:42:35  最后修改时间 2016-11-27  16:16:12  最后访问时间 2016-12-04  22:42:35  
name 郑杰_student_account_opening_form_(above_18_years)_20160726.pdf  size 1296012  创建时间 2016-12-04  22:42:35  最后修改时间 2016-11-27  22:52:40  最后访问时间 2016-12-04  22:42:35  
 name 5_China.pdf  size 9267  创建时间 2016-12-04  22:42:35  最后修改时间 2016-11-27  20:07:52  最后访问时间 2016-12-04  22:42:35  
 name 5_China.pdf  size 9267  创建时间 2016-12-04  22:42:35  最后修改时间 2016-11-27  20:07:52  最后访问时间 2016-12-04  22:42:35  
name aps审核证书.pdf  size 558738  创建时间 2016-12-06  21:34:44  最后修改时间 2016-12-06  21:34:45  最后访问时间 2016-12-06  21:34:44  
 name 5_China.pdf  size 9267  创建时间 2016-12-04  22:42:35  最后修改时间 2016-11-27  20:07:52  最后访问时间 2016-12-04  22:42:35  
name aps审核证书.pdf  size 558738  创建时间 2016-12-06  21:34:44  最后修改时间 2016-12-06  21:34:45  最后访问时间 2016-12-06  21:34:44  
name Deutsche_Bank-China-Account-Opening-Process-And-Introduction-August2016.pdf  size 162099  创建时间 2016-12-04  22:42:35  最后修改时间 2016-11-27  19:59:50  最后访问时间 2016-12-06  21:10:59  
 name 5_China.pdf  size 9267  创建时间 2016-12-04  22:42:35  最后修改时间 2016-11-27  20:07:52  最后访问时间 2016-12-04  22:42:35  
name aps审核证书.pdf  size 558738  创建时间 2016-12-06  21:34:44  最后修改时间 2016-12-06  21:34:45  最后访问时间 2016-12-06  21:34:44  
name Deutsche_Bank-China-Account-Opening-Process-And-Introduction-August2016.pdf  size 162099  创建时间 2016-12-04  22:42:35  最后修改时间 2016-11-27  19:59:50  最后访问时间 2016-12-06  21:10:59  
name lizefeng中文版长期签证申请表.pdf  size 468426  创建时间 2016-12-06  21:34:38  最后修改时间 2016-12-06  21:34:38  最后访问时间 2016-12-06  21:34:38  
 name 5_China.pdf  size 9267  创建时间 2016-12-04  22:42:35  最后修改时间 2016-11-27  20:07:52  最后访问时间 2016-12-04  22:42:35  
name aps审核证书.pdf  size 558738  创建时间 2016-12-06  21:34:44  最后修改时间 2016-12-06  21:34:45  最后访问时间 2016-12-06  21:34:44  
name Deutsche_Bank-China-Account-Opening-Process-And-Introduction-August2016.pdf  size 162099  创建时间 2016-12-04  22:42:35  最后修改时间 2016-11-27  19:59:50  最后访问时间 2016-12-06  21:10:59  
name lizefeng中文版长期签证申请表.pdf  size 468426  创建时间 2016-12-06  21:34:38  最后修改时间 2016-12-06  21:34:38  最后访问时间 2016-12-06  21:34:38  
name SKMBT_C36016112715570.jpg  size 318181  创建时间 2016-12-04  22:42:35  最后修改时间 2016-11-27  15:58:52  最后访问时间 2016-12-04  22:42:35  
 name 5_China.pdf  size 9267  创建时间 2016-12-04  22:42:35  最后修改时间 2016-11-27  20:07:52  最后访问时间 2016-12-04  22:42:35  
name aps审核证书.pdf  size 558738  创建时间 2016-12-06  21:34:44  最后修改时间 2016-12-06  21:34:45  最后访问时间 2016-12-06  21:34:44  
name Deutsche_Bank-China-Account-Opening-Process-And-Introduction-August2016.pdf  size 162099  创建时间 2016-12-04  22:42:35  最后修改时间 2016-11-27  19:59:50  最后访问时间 2016-12-06  21:10:59  
name lizefeng中文版长期签证申请表.pdf  size 468426  创建时间 2016-12-06  21:34:38  最后修改时间 2016-12-06  21:34:38  最后访问时间 2016-12-06  21:34:38  
name SKMBT_C36016112715570.jpg  size 318181  创建时间 2016-12-04  22:42:35  最后修改时间 2016-11-27  15:58:52  最后访问时间 2016-12-04  22:42:35  
name Statement_for_Foreign_Account_Tax_Compliance_CRS.pdf  size 314845  创建时间 2016-12-04  22:42:35  最后修改时间 2016-11-27  17:38:34  最后访问时间 2016-12-04  22:42:35  
 name 5_China.pdf  size 9267  创建时间 2016-12-04  22:42:35  最后修改时间 2016-11-27  20:07:52  最后访问时间 2016-12-04  22:42:35  
name aps审核证书.pdf  size 558738  创建时间 2016-12-06  21:34:44  最后修改时间 2016-12-06  21:34:45  最后访问时间 2016-12-06  21:34:44  
name Deutsche_Bank-China-Account-Opening-Process-And-Introduction-August2016.pdf  size 162099  创建时间 2016-12-04  22:42:35  最后修改时间 2016-11-27  19:59:50  最后访问时间 2016-12-06  21:10:59  
name lizefeng中文版长期签证申请表.pdf  size 468426  创建时间 2016-12-06  21:34:38  最后修改时间 2016-12-06  21:34:38  最后访问时间 2016-12-06  21:34:38  
name SKMBT_C36016112715570.jpg  size 318181  创建时间 2016-12-04  22:42:35  最后修改时间 2016-11-27  15:58:52  最后访问时间 2016-12-04  22:42:35  
name Statement_for_Foreign_Account_Tax_Compliance_CRS.pdf  size 314845  创建时间 2016-12-04  22:42:35  最后修改时间 2016-11-27  17:38:34  最后访问时间 2016-12-04  22:42:35  
name 德国签证 - 副本.rar  size 2077131  创建时间 2016-12-06  21:34:47  最后修改时间 2016-12-06  21:34:49  最后访问时间 2016-12-06  21:34:48  
 name 5_China.pdf  size 9267  创建时间 2016-12-04  22:42:35  最后修改时间 2016-11-27  20:07:52  最后访问时间 2016-12-04  22:42:35  
name aps审核证书.pdf  size 558738  创建时间 2016-12-06  21:34:44  最后修改时间 2016-12-06  21:34:45  最后访问时间 2016-12-06  21:34:44  
name Deutsche_Bank-China-Account-Opening-Process-And-Introduction-August2016.pdf  size 162099  创建时间 2016-12-04  22:42:35  最后修改时间 2016-11-27  19:59:50  最后访问时间 2016-12-06  21:10:59  
name lizefeng中文版长期签证申请表.pdf  size 468426  创建时间 2016-12-06  21:34:38  最后修改时间 2016-12-06  21:34:38  最后访问时间 2016-12-06  21:34:38  
name SKMBT_C36016112715570.jpg  size 318181  创建时间 2016-12-04  22:42:35  最后修改时间 2016-11-27  15:58:52  最后访问时间 2016-12-04  22:42:35  
name Statement_for_Foreign_Account_Tax_Compliance_CRS.pdf  size 314845  创建时间 2016-12-04  22:42:35  最后修改时间 2016-11-27  17:38:34  最后访问时间 2016-12-04  22:42:35  
name 德国签证 - 副本.rar  size 2077131  创建时间 2016-12-06  21:34:47  最后修改时间 2016-12-06  21:34:49  最后访问时间 2016-12-06  21:34:48  
name 李泽峰范例student_account_opening_form_(above_18_years)_20160726.pdf  size 1824812  创建时间 2016-12-06  21:34:51  最后修改时间 2016-12-06  21:34:52  最后访问时间 2016-12-06  21:34:51  
 name 5_China.pdf  size 9267  创建时间 2016-12-04  22:42:35  最后修改时间 2016-11-27  20:07:52  最后访问时间 2016-12-04  22:42:35  
name aps审核证书.pdf  size 558738  创建时间 2016-12-06  21:34:44  最后修改时间 2016-12-06  21:34:45  最后访问时间 2016-12-06  21:34:44  
name Deutsche_Bank-China-Account-Opening-Process-And-Introduction-August2016.pdf  size 162099  创建时间 2016-12-04  22:42:35  最后修改时间 2016-11-27  19:59:50  最后访问时间 2016-12-06  21:10:59  
name lizefeng中文版长期签证申请表.pdf  size 468426  创建时间 2016-12-06  21:34:38  最后修改时间 2016-12-06  21:34:38  最后访问时间 2016-12-06  21:34:38  
name SKMBT_C36016112715570.jpg  size 318181  创建时间 2016-12-04  22:42:35  最后修改时间 2016-11-27  15:58:52  最后访问时间 2016-12-04  22:42:35  
name Statement_for_Foreign_Account_Tax_Compliance_CRS.pdf  size 314845  创建时间 2016-12-04  22:42:35  最后修改时间 2016-11-27  17:38:34  最后访问时间 2016-12-04  22:42:35  
name 德国签证 - 副本.rar  size 2077131  创建时间 2016-12-06  21:34:47  最后修改时间 2016-12-06  21:34:49  最后访问时间 2016-12-06  21:34:48  
name 李泽峰范例student_account_opening_form_(above_18_years)_20160726.pdf  size 1824812  创建时间 2016-12-06  21:34:51  最后修改时间 2016-12-06  21:34:52  最后访问时间 2016-12-06  21:34:51  
name 汇款证明.pdf  size 378967  创建时间 2016-12-04  22:42:35  最后修改时间 2016-11-27  16:16:12  最后访问时间 2016-12-04  22:42:35  
 name 5_China.pdf  size 9267  创建时间 2016-12-04  22:42:35  最后修改时间 2016-11-27  20:07:52  最后访问时间 2016-12-04  22:42:35  
name aps审核证书.pdf  size 558738  创建时间 2016-12-06  21:34:44  最后修改时间 2016-12-06  21:34:45  最后访问时间 2016-12-06  21:34:44  
name Deutsche_Bank-China-Account-Opening-Process-And-Introduction-August2016.pdf  size 162099  创建时间 2016-12-04  22:42:35  最后修改时间 2016-11-27  19:59:50  最后访问时间 2016-12-06  21:10:59  
name lizefeng中文版长期签证申请表.pdf  size 468426  创建时间 2016-12-06  21:34:38  最后修改时间 2016-12-06  21:34:38  最后访问时间 2016-12-06  21:34:38  
name SKMBT_C36016112715570.jpg  size 318181  创建时间 2016-12-04  22:42:35  最后修改时间 2016-11-27  15:58:52  最后访问时间 2016-12-04  22:42:35  
name Statement_for_Foreign_Account_Tax_Compliance_CRS.pdf  size 314845  创建时间 2016-12-04  22:42:35  最后修改时间 2016-11-27  17:38:34  最后访问时间 2016-12-04  22:42:35  
name 德国签证 - 副本.rar  size 2077131  创建时间 2016-12-06  21:34:47  最后修改时间 2016-12-06  21:34:49  最后访问时间 2016-12-06  21:34:48  
name 李泽峰范例student_account_opening_form_(above_18_years)_20160726.pdf  size 1824812  创建时间 2016-12-06  21:34:51  最后修改时间 2016-12-06  21:34:52  最后访问时间 2016-12-06  21:34:51  
name 汇款证明.pdf  size 378967  创建时间 2016-12-04  22:42:35  最后修改时间 2016-11-27  16:16:12  最后访问时间 2016-12-04  22:42:35  
name 范例18_SAMPLE_20160726.pdf.pdf  size 1625365  创建时间 2016-12-06  21:34:54  最后修改时间 2016-12-06  21:34:56  最后访问时间 2016-12-06  21:34:55  
 name 5_China.pdf  size 9267  创建时间 2016-12-04  22:42:35  最后修改时间 2016-11-27  20:07:52  最后访问时间 2016-12-04  22:42:35  
name aps审核证书.pdf  size 558738  创建时间 2016-12-06  21:34:44  最后修改时间 2016-12-06  21:34:45  最后访问时间 2016-12-06  21:34:44  
name Deutsche_Bank-China-Account-Opening-Process-And-Introduction-August2016.pdf  size 162099  创建时间 2016-12-04  22:42:35  最后修改时间 2016-11-27  19:59:50  最后访问时间 2016-12-06  21:10:59  
name lizefeng中文版长期签证申请表.pdf  size 468426  创建时间 2016-12-06  21:34:38  最后修改时间 2016-12-06  21:34:38  最后访问时间 2016-12-06  21:34:38  
name SKMBT_C36016112715570.jpg  size 318181  创建时间 2016-12-04  22:42:35  最后修改时间 2016-11-27  15:58:52  最后访问时间 2016-12-04  22:42:35  
name Statement_for_Foreign_Account_Tax_Compliance_CRS.pdf  size 314845  创建时间 2016-12-04  22:42:35  最后修改时间 2016-11-27  17:38:34  最后访问时间 2016-12-04  22:42:35  
name 德国签证 - 副本.rar  size 2077131  创建时间 2016-12-06  21:34:47  最后修改时间 2016-12-06  21:34:49  最后访问时间 2016-12-06  21:34:48  
name 李泽峰范例student_account_opening_form_(above_18_years)_20160726.pdf  size 1824812  创建时间 2016-12-06  21:34:51  最后修改时间 2016-12-06  21:34:52  最后访问时间 2016-12-06  21:34:51  
name 汇款证明.pdf  size 378967  创建时间 2016-12-04  22:42:35  最后修改时间 2016-11-27  16:16:12  最后访问时间 2016-12-04  22:42:35  
name 范例18_SAMPLE_20160726.pdf.pdf  size 1625365  创建时间 2016-12-06  21:34:54  最后修改时间 2016-12-06  21:34:56  最后访问时间 2016-12-06  21:34:55  
name 郑杰_student_account_opening_form_(above_18_years)_20160726.pdf  size 1296012  创建时间 2016-12-04  22:42:35  最后修改时间 2016-11-27  22:52:40  最后访问时间 2016-12-04  22:42:35  
 name 5_China.pdf  size 9267  创建时间 2016-12-04  22:42:35  最后修改时间 2016-11-27  20:07:52  最后访问时间 2016-12-04  22:42:35  
name aps审核证书.pdf  size 558738  创建时间 2016-12-06  21:34:44  最后修改时间 2016-12-06  21:34:45  最后访问时间 2016-12-06  21:34:44  
name Deutsche_Bank-China-Account-Opening-Process-And-Introduction-August2016.pdf  size 162099  创建时间 2016-12-04  22:42:35  最后修改时间 2016-11-27  19:59:50  最后访问时间 2016-12-06  21:10:59  
name lizefeng中文版长期签证申请表.pdf  size 468426  创建时间 2016-12-06  21:34:38  最后修改时间 2016-12-06  21:34:38  最后访问时间 2016-12-06  21:34:38  
name SKMBT_C36016112715570.jpg  size 318181  创建时间 2016-12-04  22:42:35  最后修改时间 2016-11-27  15:58:52  最后访问时间 2016-12-04  22:42:35  
name Statement_for_Foreign_Account_Tax_Compliance_CRS.pdf  size 314845  创建时间 2016-12-04  22:42:35  最后修改时间 2016-11-27  17:38:34  最后访问时间 2016-12-04  22:42:35  
name 德国签证 - 副本.rar  size 2077131  创建时间 2016-12-06  21:34:47  最后修改时间 2016-12-06  21:34:49  最后访问时间 2016-12-06  21:34:48  
name 李泽峰范例student_account_opening_form_(above_18_years)_20160726.pdf  size 1824812  创建时间 2016-12-06  21:34:51  最后修改时间 2016-12-06  21:34:52  最后访问时间 2016-12-06  21:34:51  
name 汇款证明.pdf  size 378967  创建时间 2016-12-04  22:42:35  最后修改时间 2016-11-27  16:16:12  最后访问时间 2016-12-04  22:42:35  
name 范例18_SAMPLE_20160726.pdf.pdf  size 1625365  创建时间 2016-12-06  21:34:54  最后修改时间 2016-12-06  21:34:56  最后访问时间 2016-12-06  21:34:55  
name 郑杰_student_account_opening_form_(above_18_years)_20160726.pdf  size 1296012  创建时间 2016-12-04  22:42:35  最后修改时间 2016-11-27  22:52:40  最后访问时间 2016-12-04  22:42:35  
name 开户表格（第九页到最后）（打印两份）.pdf  size 1277152  创建时间 2016-12-06  21:18:17  最后修改时间 2016-11-30  23:08:46  最后访问时间 2016-12-06  21:38:29  
 name 5_China.pdf  size 9267  创建时间 2016-12-04  22:42:35  最后修改时间 2016-11-27  20:07:52  最后访问时间 2016-12-04  22:42:35  
 name 5_China.pdf  size 9267  创建时间 2016-12-04  22:42:35  最后修改时间 2016-11-27  20:07:52  最后访问时间 2016-12-04  22:42:35  
name aps审核证书.pdf  size 558738  创建时间 2016-12-06  21:34:44  最后修改时间 2016-12-06  21:34:45  最后访问时间 2016-12-06  21:34:44  
 name 5_China.pdf  size 9267  创建时间 2016-12-04  22:42:35  最后修改时间 2016-11-27  20:07:52  最后访问时间 2016-12-04  22:42:35  
name aps审核证书.pdf  size 558738  创建时间 2016-12-06  21:34:44  最后修改时间 2016-12-06  21:34:45  最后访问时间 2016-12-06  21:34:44  
name Deutsche_Bank-China-Account-Opening-Process-And-Introduction-August2016.pdf  size 162099  创建时间 2016-12-04  22:42:35  最后修改时间 2016-11-27  19:59:50  最后访问时间 2016-12-06  21:10:59  
 name 5_China.pdf  size 9267  创建时间 2016-12-04  22:42:35  最后修改时间 2016-11-27  20:07:52  最后访问时间 2016-12-04  22:42:35  
name aps审核证书.pdf  size 558738  创建时间 2016-12-06  21:34:44  最后修改时间 2016-12-06  21:34:45  最后访问时间 2016-12-06  21:34:44  
name Deutsche_Bank-China-Account-Opening-Process-And-Introduction-August2016.pdf  size 162099  创建时间 2016-12-04  22:42:35  最后修改时间 2016-11-27  19:59:50  最后访问时间 2016-12-06  21:10:59  
name lizefeng中文版长期签证申请表.pdf  size 468426  创建时间 2016-12-06  21:34:38  最后修改时间 2016-12-06  21:34:38  最后访问时间 2016-12-06  21:34:38  
 name 5_China.pdf  size 9267  创建时间 2016-12-04  22:42:35  最后修改时间 2016-11-27  20:07:52  最后访问时间 2016-12-04  22:42:35  
name aps审核证书.pdf  size 558738  创建时间 2016-12-06  21:34:44  最后修改时间 2016-12-06  21:34:45  最后访问时间 2016-12-06  21:34:44  
name Deutsche_Bank-China-Account-Opening-Process-And-Introduction-August2016.pdf  size 162099  创建时间 2016-12-04  22:42:35  最后修改时间 2016-11-27  19:59:50  最后访问时间 2016-12-06  21:10:59  
name lizefeng中文版长期签证申请表.pdf  size 468426  创建时间 2016-12-06  21:34:38  最后修改时间 2016-12-06  21:34:38  最后访问时间 2016-12-06  21:34:38  
name SKMBT_C36016112715570.jpg  size 318181  创建时间 2016-12-04  22:42:35  最后修改时间 2016-11-27  15:58:52  最后访问时间 2016-12-04  22:42:35  
 name 5_China.pdf  size 9267  创建时间 2016-12-04  22:42:35  最后修改时间 2016-11-27  20:07:52  最后访问时间 2016-12-04  22:42:35  
name aps审核证书.pdf  size 558738  创建时间 2016-12-06  21:34:44  最后修改时间 2016-12-06  21:34:45  最后访问时间 2016-12-06  21:34:44  
name Deutsche_Bank-China-Account-Opening-Process-And-Introduction-August2016.pdf  size 162099  创建时间 2016-12-04  22:42:35  最后修改时间 2016-11-27  19:59:50  最后访问时间 2016-12-06  21:10:59  
name lizefeng中文版长期签证申请表.pdf  size 468426  创建时间 2016-12-06  21:34:38  最后修改时间 2016-12-06  21:34:38  最后访问时间 2016-12-06  21:34:38  
name SKMBT_C36016112715570.jpg  size 318181  创建时间 2016-12-04  22:42:35  最后修改时间 2016-11-27  15:58:52  最后访问时间 2016-12-04  22:42:35  
name Statement_for_Foreign_Account_Tax_Compliance_CRS.pdf  size 314845  创建时间 2016-12-04  22:42:35  最后修改时间 2016-11-27  17:38:34  最后访问时间 2016-12-04  22:42:35  
 name 5_China.pdf  size 9267  创建时间 2016-12-04  22:42:35  最后修改时间 2016-11-27  20:07:52  最后访问时间 2016-12-04  22:42:35  
name aps审核证书.pdf  size 558738  创建时间 2016-12-06  21:34:44  最后修改时间 2016-12-06  21:34:45  最后访问时间 2016-12-06  21:34:44  
name Deutsche_Bank-China-Account-Opening-Process-And-Introduction-August2016.pdf  size 162099  创建时间 2016-12-04  22:42:35  最后修改时间 2016-11-27  19:59:50  最后访问时间 2016-12-06  21:10:59  
name lizefeng中文版长期签证申请表.pdf  size 468426  创建时间 2016-12-06  21:34:38  最后修改时间 2016-12-06  21:34:38  最后访问时间 2016-12-06  21:34:38  
name SKMBT_C36016112715570.jpg  size 318181  创建时间 2016-12-04  22:42:35  最后修改时间 2016-11-27  15:58:52  最后访问时间 2016-12-04  22:42:35  
name Statement_for_Foreign_Account_Tax_Compliance_CRS.pdf  size 314845  创建时间 2016-12-04  22:42:35  最后修改时间 2016-11-27  17:38:34  最后访问时间 2016-12-04  22:42:35  
name 德国签证 - 副本.rar  size 2077131  创建时间 2016-12-06  21:34:47  最后修改时间 2016-12-06  21:34:49  最后访问时间 2016-12-06  21:34:48  
 name 5_China.pdf  size 9267  创建时间 2016-12-04  22:42:35  最后修改时间 2016-11-27  20:07:52  最后访问时间 2016-12-04  22:42:35  
name aps审核证书.pdf  size 558738  创建时间 2016-12-06  21:34:44  最后修改时间 2016-12-06  21:34:45  最后访问时间 2016-12-06  21:34:44  
name Deutsche_Bank-China-Account-Opening-Process-And-Introduction-August2016.pdf  size 162099  创建时间 2016-12-04  22:42:35  最后修改时间 2016-11-27  19:59:50  最后访问时间 2016-12-06  21:10:59  
name lizefeng中文版长期签证申请表.pdf  size 468426  创建时间 2016-12-06  21:34:38  最后修改时间 2016-12-06  21:34:38  最后访问时间 2016-12-06  21:34:38  
name SKMBT_C36016112715570.jpg  size 318181  创建时间 2016-12-04  22:42:35  最后修改时间 2016-11-27  15:58:52  最后访问时间 2016-12-04  22:42:35  
name Statement_for_Foreign_Account_Tax_Compliance_CRS.pdf  size 314845  创建时间 2016-12-04  22:42:35  最后修改时间 2016-11-27  17:38:34  最后访问时间 2016-12-04  22:42:35  
name 德国签证 - 副本.rar  size 2077131  创建时间 2016-12-06  21:34:47  最后修改时间 2016-12-06  21:34:49  最后访问时间 2016-12-06  21:34:48  
name 李泽峰范例student_account_opening_form_(above_18_years)_20160726.pdf  size 1824812  创建时间 2016-12-06  21:34:51  最后修改时间 2016-12-06  21:34:52  最后访问时间 2016-12-06  21:34:51  
 name 5_China.pdf  size 9267  创建时间 2016-12-04  22:42:35  最后修改时间 2016-11-27  20:07:52  最后访问时间 2016-12-04  22:42:35  
name aps审核证书.pdf  size 558738  创建时间 2016-12-06  21:34:44  最后修改时间 2016-12-06  21:34:45  最后访问时间 2016-12-06  21:34:44  
name Deutsche_Bank-China-Account-Opening-Process-And-Introduction-August2016.pdf  size 162099  创建时间 2016-12-04  22:42:35  最后修改时间 2016-11-27  19:59:50  最后访问时间 2016-12-06  21:10:59  
name lizefeng中文版长期签证申请表.pdf  size 468426  创建时间 2016-12-06  21:34:38  最后修改时间 2016-12-06  21:34:38  最后访问时间 2016-12-06  21:34:38  
name SKMBT_C36016112715570.jpg  size 318181  创建时间 2016-12-04  22:42:35  最后修改时间 2016-11-27  15:58:52  最后访问时间 2016-12-04  22:42:35  
name Statement_for_Foreign_Account_Tax_Compliance_CRS.pdf  size 314845  创建时间 2016-12-04  22:42:35  最后修改时间 2016-11-27  17:38:34  最后访问时间 2016-12-04  22:42:35  
name 德国签证 - 副本.rar  size 2077131  创建时间 2016-12-06  21:34:47  最后修改时间 2016-12-06  21:34:49  最后访问时间 2016-12-06  21:34:48  
name 李泽峰范例student_account_opening_form_(above_18_years)_20160726.pdf  size 1824812  创建时间 2016-12-06  21:34:51  最后修改时间 2016-12-06  21:34:52  最后访问时间 2016-12-06  21:34:51  
name 汇款证明.pdf  size 378967  创建时间 2016-12-04  22:42:35  最后修改时间 2016-11-27  16:16:12  最后访问时间 2016-12-04  22:42:35  
 name 5_China.pdf  size 9267  创建时间 2016-12-04  22:42:35  最后修改时间 2016-11-27  20:07:52  最后访问时间 2016-12-04  22:42:35  
name aps审核证书.pdf  size 558738  创建时间 2016-12-06  21:34:44  最后修改时间 2016-12-06  21:34:45  最后访问时间 2016-12-06  21:34:44  
name Deutsche_Bank-China-Account-Opening-Process-And-Introduction-August2016.pdf  size 162099  创建时间 2016-12-04  22:42:35  最后修改时间 2016-11-27  19:59:50  最后访问时间 2016-12-06  21:10:59  
name lizefeng中文版长期签证申请表.pdf  size 468426  创建时间 2016-12-06  21:34:38  最后修改时间 2016-12-06  21:34:38  最后访问时间 2016-12-06  21:34:38  
name SKMBT_C36016112715570.jpg  size 318181  创建时间 2016-12-04  22:42:35  最后修改时间 2016-11-27  15:58:52  最后访问时间 2016-12-04  22:42:35  
name Statement_for_Foreign_Account_Tax_Compliance_CRS.pdf  size 314845  创建时间 2016-12-04  22:42:35  最后修改时间 2016-11-27  17:38:34  最后访问时间 2016-12-04  22:42:35  
name 德国签证 - 副本.rar  size 2077131  创建时间 2016-12-06  21:34:47  最后修改时间 2016-12-06  21:34:49  最后访问时间 2016-12-06  21:34:48  
name 李泽峰范例student_account_opening_form_(above_18_years)_20160726.pdf  size 1824812  创建时间 2016-12-06  21:34:51  最后修改时间 2016-12-06  21:34:52  最后访问时间 2016-12-06  21:34:51  
name 汇款证明.pdf  size 378967  创建时间 2016-12-04  22:42:35  最后修改时间 2016-11-27  16:16:12  最后访问时间 2016-12-04  22:42:35  
name 范例18_SAMPLE_20160726.pdf.pdf  size 1625365  创建时间 2016-12-06  21:34:54  最后修改时间 2016-12-06  21:34:56  最后访问时间 2016-12-06  21:34:55  
 name 5_China.pdf  size 9267  创建时间 2016-12-04  22:42:35  最后修改时间 2016-11-27  20:07:52  最后访问时间 2016-12-04  22:42:35  
name aps审核证书.pdf  size 558738  创建时间 2016-12-06  21:34:44  最后修改时间 2016-12-06  21:34:45  最后访问时间 2016-12-06  21:34:44  
name Deutsche_Bank-China-Account-Opening-Process-And-Introduction-August2016.pdf  size 162099  创建时间 2016-12-04  22:42:35  最后修改时间 2016-11-27  19:59:50  最后访问时间 2016-12-06  21:10:59  
name lizefeng中文版长期签证申请表.pdf  size 468426  创建时间 2016-12-06  21:34:38  最后修改时间 2016-12-06  21:34:38  最后访问时间 2016-12-06  21:34:38  
name SKMBT_C36016112715570.jpg  size 318181  创建时间 2016-12-04  22:42:35  最后修改时间 2016-11-27  15:58:52  最后访问时间 2016-12-04  22:42:35  
name Statement_for_Foreign_Account_Tax_Compliance_CRS.pdf  size 314845  创建时间 2016-12-04  22:42:35  最后修改时间 2016-11-27  17:38:34  最后访问时间 2016-12-04  22:42:35  
name 德国签证 - 副本.rar  size 2077131  创建时间 2016-12-06  21:34:47  最后修改时间 2016-12-06  21:34:49  最后访问时间 2016-12-06  21:34:48  
name 李泽峰范例student_account_opening_form_(above_18_years)_20160726.pdf  size 1824812  创建时间 2016-12-06  21:34:51  最后修改时间 2016-12-06  21:34:52  最后访问时间 2016-12-06  21:34:51  
name 汇款证明.pdf  size 378967  创建时间 2016-12-04  22:42:35  最后修改时间 2016-11-27  16:16:12  最后访问时间 2016-12-04  22:42:35  
name 范例18_SAMPLE_20160726.pdf.pdf  size 1625365  创建时间 2016-12-06  21:34:54  最后修改时间 2016-12-06  21:34:56  最后访问时间 2016-12-06  21:34:55  
name 郑杰_student_account_opening_form_(above_18_years)_20160726.pdf  size 1296012  创建时间 2016-12-04  22:42:35  最后修改时间 2016-11-27  22:52:40  最后访问时间 2016-12-04  22:42:35  
 name 5_China.pdf  size 9267  创建时间 2016-12-04  22:42:35  最后修改时间 2016-11-27  20:07:52  最后访问时间 2016-12-04  22:42:35  
name aps审核证书.pdf  size 558738  创建时间 2016-12-06  21:34:44  最后修改时间 2016-12-06  21:34:45  最后访问时间 2016-12-06  21:34:44  
name Deutsche_Bank-China-Account-Opening-Process-And-Introduction-August2016.pdf  size 162099  创建时间 2016-12-04  22:42:35  最后修改时间 2016-11-27  19:59:50  最后访问时间 2016-12-06  21:10:59  
name lizefeng中文版长期签证申请表.pdf  size 468426  创建时间 2016-12-06  21:34:38  最后修改时间 2016-12-06  21:34:38  最后访问时间 2016-12-06  21:34:38  
name SKMBT_C36016112715570.jpg  size 318181  创建时间 2016-12-04  22:42:35  最后修改时间 2016-11-27  15:58:52  最后访问时间 2016-12-04  22:42:35  
name Statement_for_Foreign_Account_Tax_Compliance_CRS.pdf  size 314845  创建时间 2016-12-04  22:42:35  最后修改时间 2016-11-27  17:38:34  最后访问时间 2016-12-04  22:42:35  
name 德国签证 - 副本.rar  size 2077131  创建时间 2016-12-06  21:34:47  最后修改时间 2016-12-06  21:34:49  最后访问时间 2016-12-06  21:34:48  
name 李泽峰范例student_account_opening_form_(above_18_years)_20160726.pdf  size 1824812  创建时间 2016-12-06  21:34:51  最后修改时间 2016-12-06  21:34:52  最后访问时间 2016-12-06  21:34:51  
name 汇款证明.pdf  size 378967  创建时间 2016-12-04  22:42:35  最后修改时间 2016-11-27  16:16:12  最后访问时间 2016-12-04  22:42:35  
name 范例18_SAMPLE_20160726.pdf.pdf  size 1625365  创建时间 2016-12-06  21:34:54  最后修改时间 2016-12-06  21:34:56  最后访问时间 2016-12-06  21:34:55  
name 郑杰_student_account_opening_form_(above_18_years)_20160726.pdf  size 1296012  创建时间 2016-12-04  22:42:35  最后修改时间 2016-11-27  22:52:40  最后访问时间 2016-12-04  22:42:35  
name 开户表格（第九页到最后）（打印两份）.pdf  size 1277152  创建时间 2016-12-06  21:18:17  最后修改时间 2016-11-30  23:08:46  最后访问时间 2016-12-06  21:38:29  
 name 5_China.pdf  size 9267  创建时间 2016-12-04  22:42:35  最后修改时间 2016-11-27  20:07:52  最后访问时间 2016-12-04  22:42:35  
 name 5_China.pdf  size 9267  创建时间 2016-12-04  22:42:35  最后修改时间 2016-11-27  20:07:52  最后访问时间 2016-12-04  22:42:35  
name aps审核证书.pdf  size 558738  创建时间 2016-12-06  21:34:44  最后修改时间 2016-12-06  21:34:45  最后访问时间 2016-12-06  21:34:44  
 name 5_China.pdf  size 9267  创建时间 2016-12-04  22:42:35  最后修改时间 2016-11-27  20:07:52  最后访问时间 2016-12-04  22:42:35  
name aps审核证书.pdf  size 558738  创建时间 2016-12-06  21:34:44  最后修改时间 2016-12-06  21:34:45  最后访问时间 2016-12-06  21:34:44  
name Deutsche_Bank-China-Account-Opening-Process-And-Introduction-August2016.pdf  size 162099  创建时间 2016-12-04  22:42:35  最后修改时间 2016-11-27  19:59:50  最后访问时间 2016-12-06  21:10:59  
 name 5_China.pdf  size 9267  创建时间 2016-12-04  22:42:35  最后修改时间 2016-11-27  20:07:52  最后访问时间 2016-12-04  22:42:35  
name aps审核证书.pdf  size 558738  创建时间 2016-12-06  21:34:44  最后修改时间 2016-12-06  21:34:45  最后访问时间 2016-12-06  21:34:44  
name Deutsche_Bank-China-Account-Opening-Process-And-Introduction-August2016.pdf  size 162099  创建时间 2016-12-04  22:42:35  最后修改时间 2016-11-27  19:59:50  最后访问时间 2016-12-06  21:10:59  
name lizefeng中文版长期签证申请表.pdf  size 468426  创建时间 2016-12-06  21:34:38  最后修改时间 2016-12-06  21:34:38  最后访问时间 2016-12-06  21:34:38  
 name 5_China.pdf  size 9267  创建时间 2016-12-04  22:42:35  最后修改时间 2016-11-27  20:07:52  最后访问时间 2016-12-04  22:42:35  
name aps审核证书.pdf  size 558738  创建时间 2016-12-06  21:34:44  最后修改时间 2016-12-06  21:34:45  最后访问时间 2016-12-06  21:34:44  
name Deutsche_Bank-China-Account-Opening-Process-And-Introduction-August2016.pdf  size 162099  创建时间 2016-12-04  22:42:35  最后修改时间 2016-11-27  19:59:50  最后访问时间 2016-12-06  21:10:59  
name lizefeng中文版长期签证申请表.pdf  size 468426  创建时间 2016-12-06  21:34:38  最后修改时间 2016-12-06  21:34:38  最后访问时间 2016-12-06  21:34:38  
name SKMBT_C36016112715570.jpg  size 318181  创建时间 2016-12-04  22:42:35  最后修改时间 2016-11-27  15:58:52  最后访问时间 2016-12-04  22:42:35  
 name 5_China.pdf  size 9267  创建时间 2016-12-04  22:42:35  最后修改时间 2016-11-27  20:07:52  最后访问时间 2016-12-04  22:42:35  
name aps审核证书.pdf  size 558738  创建时间 2016-12-06  21:34:44  最后修改时间 2016-12-06  21:34:45  最后访问时间 2016-12-06  21:34:44  
name Deutsche_Bank-China-Account-Opening-Process-And-Introduction-August2016.pdf  size 162099  创建时间 2016-12-04  22:42:35  最后修改时间 2016-11-27  19:59:50  最后访问时间 2016-12-06  21:10:59  
name lizefeng中文版长期签证申请表.pdf  size 468426  创建时间 2016-12-06  21:34:38  最后修改时间 2016-12-06  21:34:38  最后访问时间 2016-12-06  21:34:38  
name SKMBT_C36016112715570.jpg  size 318181  创建时间 2016-12-04  22:42:35  最后修改时间 2016-11-27  15:58:52  最后访问时间 2016-12-04  22:42:35  
name Statement_for_Foreign_Account_Tax_Compliance_CRS.pdf  size 314845  创建时间 2016-12-04  22:42:35  最后修改时间 2016-11-27  17:38:34  最后访问时间 2016-12-04  22:42:35  
 name 5_China.pdf  size 9267  创建时间 2016-12-04  22:42:35  最后修改时间 2016-11-27  20:07:52  最后访问时间 2016-12-04  22:42:35  
name aps审核证书.pdf  size 558738  创建时间 2016-12-06  21:34:44  最后修改时间 2016-12-06  21:34:45  最后访问时间 2016-12-06  21:34:44  
name Deutsche_Bank-China-Account-Opening-Process-And-Introduction-August2016.pdf  size 162099  创建时间 2016-12-04  22:42:35  最后修改时间 2016-11-27  19:59:50  最后访问时间 2016-12-06  21:10:59  
name lizefeng中文版长期签证申请表.pdf  size 468426  创建时间 2016-12-06  21:34:38  最后修改时间 2016-12-06  21:34:38  最后访问时间 2016-12-06  21:34:38  
name SKMBT_C36016112715570.jpg  size 318181  创建时间 2016-12-04  22:42:35  最后修改时间 2016-11-27  15:58:52  最后访问时间 2016-12-04  22:42:35  
name Statement_for_Foreign_Account_Tax_Compliance_CRS.pdf  size 314845  创建时间 2016-12-04  22:42:35  最后修改时间 2016-11-27  17:38:34  最后访问时间 2016-12-04  22:42:35  
name 德国签证 - 副本.rar  size 2077131  创建时间 2016-12-06  21:34:47  最后修改时间 2016-12-06  21:34:49  最后访问时间 2016-12-06  21:34:48  
 name 5_China.pdf  size 9267  创建时间 2016-12-04  22:42:35  最后修改时间 2016-11-27  20:07:52  最后访问时间 2016-12-04  22:42:35  
name aps审核证书.pdf  size 558738  创建时间 2016-12-06  21:34:44  最后修改时间 2016-12-06  21:34:45  最后访问时间 2016-12-06  21:34:44  
name Deutsche_Bank-China-Account-Opening-Process-And-Introduction-August2016.pdf  size 162099  创建时间 2016-12-04  22:42:35  最后修改时间 2016-11-27  19:59:50  最后访问时间 2016-12-06  21:10:59  
name lizefeng中文版长期签证申请表.pdf  size 468426  创建时间 2016-12-06  21:34:38  最后修改时间 2016-12-06  21:34:38  最后访问时间 2016-12-06  21:34:38  
name SKMBT_C36016112715570.jpg  size 318181  创建时间 2016-12-04  22:42:35  最后修改时间 2016-11-27  15:58:52  最后访问时间 2016-12-04  22:42:35  
name Statement_for_Foreign_Account_Tax_Compliance_CRS.pdf  size 314845  创建时间 2016-12-04  22:42:35  最后修改时间 2016-11-27  17:38:34  最后访问时间 2016-12-04  22:42:35  
name 德国签证 - 副本.rar  size 2077131  创建时间 2016-12-06  21:34:47  最后修改时间 2016-12-06  21:34:49  最后访问时间 2016-12-06  21:34:48  
name 李泽峰范例student_account_opening_form_(above_18_years)_20160726.pdf  size 1824812  创建时间 2016-12-06  21:34:51  最后修改时间 2016-12-06  21:34:52  最后访问时间 2016-12-06  21:34:51  
 name 5_China.pdf  size 9267  创建时间 2016-12-04  22:42:35  最后修改时间 2016-11-27  20:07:52  最后访问时间 2016-12-04  22:42:35  
name aps审核证书.pdf  size 558738  创建时间 2016-12-06  21:34:44  最后修改时间 2016-12-06  21:34:45  最后访问时间 2016-12-06  21:34:44  
name Deutsche_Bank-China-Account-Opening-Process-And-Introduction-August2016.pdf  size 162099  创建时间 2016-12-04  22:42:35  最后修改时间 2016-11-27  19:59:50  最后访问时间 2016-12-06  21:10:59  
name lizefeng中文版长期签证申请表.pdf  size 468426  创建时间 2016-12-06  21:34:38  最后修改时间 2016-12-06  21:34:38  最后访问时间 2016-12-06  21:34:38  
name SKMBT_C36016112715570.jpg  size 318181  创建时间 2016-12-04  22:42:35  最后修改时间 2016-11-27  15:58:52  最后访问时间 2016-12-04  22:42:35  
name Statement_for_Foreign_Account_Tax_Compliance_CRS.pdf  size 314845  创建时间 2016-12-04  22:42:35  最后修改时间 2016-11-27  17:38:34  最后访问时间 2016-12-04  22:42:35  
name 德国签证 - 副本.rar  size 2077131  创建时间 2016-12-06  21:34:47  最后修改时间 2016-12-06  21:34:49  最后访问时间 2016-12-06  21:34:48  
name 李泽峰范例student_account_opening_form_(above_18_years)_20160726.pdf  size 1824812  创建时间 2016-12-06  21:34:51  最后修改时间 2016-12-06  21:34:52  最后访问时间 2016-12-06  21:34:51  
name 汇款证明.pdf  size 378967  创建时间 2016-12-04  22:42:35  最后修改时间 2016-11-27  16:16:12  最后访问时间 2016-12-04  22:42:35  
 name 5_China.pdf  size 9267  创建时间 2016-12-04  22:42:35  最后修改时间 2016-11-27  20:07:52  最后访问时间 2016-12-04  22:42:35  
name aps审核证书.pdf  size 558738  创建时间 2016-12-06  21:34:44  最后修改时间 2016-12-06  21:34:45  最后访问时间 2016-12-06  21:34:44  
name Deutsche_Bank-China-Account-Opening-Process-And-Introduction-August2016.pdf  size 162099  创建时间 2016-12-04  22:42:35  最后修改时间 2016-11-27  19:59:50  最后访问时间 2016-12-06  21:10:59  
name lizefeng中文版长期签证申请表.pdf  size 468426  创建时间 2016-12-06  21:34:38  最后修改时间 2016-12-06  21:34:38  最后访问时间 2016-12-06  21:34:38  
name SKMBT_C36016112715570.jpg  size 318181  创建时间 2016-12-04  22:42:35  最后修改时间 2016-11-27  15:58:52  最后访问时间 2016-12-04  22:42:35  
name Statement_for_Foreign_Account_Tax_Compliance_CRS.pdf  size 314845  创建时间 2016-12-04  22:42:35  最后修改时间 2016-11-27  17:38:34  最后访问时间 2016-12-04  22:42:35  
name 德国签证 - 副本.rar  size 2077131  创建时间 2016-12-06  21:34:47  最后修改时间 2016-12-06  21:34:49  最后访问时间 2016-12-06  21:34:48  
name 李泽峰范例student_account_opening_form_(above_18_years)_20160726.pdf  size 1824812  创建时间 2016-12-06  21:34:51  最后修改时间 2016-12-06  21:34:52  最后访问时间 2016-12-06  21:34:51  
name 汇款证明.pdf  size 378967  创建时间 2016-12-04  22:42:35  最后修改时间 2016-11-27  16:16:12  最后访问时间 2016-12-04  22:42:35  
name 范例18_SAMPLE_20160726.pdf.pdf  size 1625365  创建时间 2016-12-06  21:34:54  最后修改时间 2016-12-06  21:34:56  最后访问时间 2016-12-06  21:34:55  
 name 5_China.pdf  size 9267  创建时间 2016-12-04  22:42:35  最后修改时间 2016-11-27  20:07:52  最后访问时间 2016-12-04  22:42:35  
name aps审核证书.pdf  size 558738  创建时间 2016-12-06  21:34:44  最后修改时间 2016-12-06  21:34:45  最后访问时间 2016-12-06  21:34:44  
name Deutsche_Bank-China-Account-Opening-Process-And-Introduction-August2016.pdf  size 162099  创建时间 2016-12-04  22:42:35  最后修改时间 2016-11-27  19:59:50  最后访问时间 2016-12-06  21:10:59  
name lizefeng中文版长期签证申请表.pdf  size 468426  创建时间 2016-12-06  21:34:38  最后修改时间 2016-12-06  21:34:38  最后访问时间 2016-12-06  21:34:38  
name SKMBT_C36016112715570.jpg  size 318181  创建时间 2016-12-04  22:42:35  最后修改时间 2016-11-27  15:58:52  最后访问时间 2016-12-04  22:42:35  
name Statement_for_Foreign_Account_Tax_Compliance_CRS.pdf  size 314845  创建时间 2016-12-04  22:42:35  最后修改时间 2016-11-27  17:38:34  最后访问时间 2016-12-04  22:42:35  
name 德国签证 - 副本.rar  size 2077131  创建时间 2016-12-06  21:34:47  最后修改时间 2016-12-06  21:34:49  最后访问时间 2016-12-06  21:34:48  
name 李泽峰范例student_account_opening_form_(above_18_years)_20160726.pdf  size 1824812  创建时间 2016-12-06  21:34:51  最后修改时间 2016-12-06  21:34:52  最后访问时间 2016-12-06  21:34:51  
name 汇款证明.pdf  size 378967  创建时间 2016-12-04  22:42:35  最后修改时间 2016-11-27  16:16:12  最后访问时间 2016-12-04  22:42:35  
name 范例18_SAMPLE_20160726.pdf.pdf  size 1625365  创建时间 2016-12-06  21:34:54  最后修改时间 2016-12-06  21:34:56  最后访问时间 2016-12-06  21:34:55  
name 郑杰_student_account_opening_form_(above_18_years)_20160726.pdf  size 1296012  创建时间 2016-12-04  22:42:35  最后修改时间 2016-11-27  22:52:40  最后访问时间 2016-12-04  22:42:35  
 name 5_China.pdf  size 9267  创建时间 2016-12-04  22:42:35  最后修改时间 2016-11-27  20:07:52  最后访问时间 2016-12-04  22:42:35  
name aps审核证书.pdf  size 558738  创建时间 2016-12-06  21:34:44  最后修改时间 2016-12-06  21:34:45  最后访问时间 2016-12-06  21:34:44  
name Deutsche_Bank-China-Account-Opening-Process-And-Introduction-August2016.pdf  size 162099  创建时间 2016-12-04  22:42:35  最后修改时间 2016-11-27  19:59:50  最后访问时间 2016-12-06  21:10:59  
name lizefeng中文版长期签证申请表.pdf  size 468426  创建时间 2016-12-06  21:34:38  最后修改时间 2016-12-06  21:34:38  最后访问时间 2016-12-06  21:34:38  
name SKMBT_C36016112715570.jpg  size 318181  创建时间 2016-12-04  22:42:35  最后修改时间 2016-11-27  15:58:52  最后访问时间 2016-12-04  22:42:35  
name Statement_for_Foreign_Account_Tax_Compliance_CRS.pdf  size 314845  创建时间 2016-12-04  22:42:35  最后修改时间 2016-11-27  17:38:34  最后访问时间 2016-12-04  22:42:35  
name 德国签证 - 副本.rar  size 2077131  创建时间 2016-12-06  21:34:47  最后修改时间 2016-12-06  21:34:49  最后访问时间 2016-12-06  21:34:48  
name 李泽峰范例student_account_opening_form_(above_18_years)_20160726.pdf  size 1824812  创建时间 2016-12-06  21:34:51  最后修改时间 2016-12-06  21:34:52  最后访问时间 2016-12-06  21:34:51  
name 汇款证明.pdf  size 378967  创建时间 2016-12-04  22:42:35  最后修改时间 2016-11-27  16:16:12  最后访问时间 2016-12-04  22:42:35  
name 范例18_SAMPLE_20160726.pdf.pdf  size 1625365  创建时间 2016-12-06  21:34:54  最后修改时间 2016-12-06  21:34:56  最后访问时间 2016-12-06  21:34:55  
name 郑杰_student_account_opening_form_(above_18_years)_20160726.pdf  size 1296012  创建时间 2016-12-04  22:42:35  最后修改时间 2016-11-27  22:52:40  最后访问时间 2016-12-04  22:42:35  
name 开户表格（第九页到最后）（打印两份）.pdf  size 1277152  创建时间 2016-12-06  21:18:17  最后修改时间 2016-11-30  23:08:46  最后访问时间 2016-12-06  21:38:29  
